date: 2022-11-22 15:51:15.303836

line_coefficients................................................181
ray_to_line......................................................117
cross_point_circle_circle........................................103
distance_circle_to_circle........................................80
ray_cast_to_line.................................................67
distance_point_to_line...........................................52
circle_circle_interaction........................................35
rect_component_lines.............................................31
distance_line_to_line............................................15
cross_point_rect_circle..........................................14
distance_circle_to_rect..........................................11
rect_circle_interaction..........................................6
rect_rect_interaction............................................2
distance_rect_to_rect............................................1

date: 2022-11-22 15:51:40.569227

line_coefficients................................................181
ray_to_line......................................................120
cross_point_circle_circle........................................101
distance_circle_to_circle........................................79
ray_cast_to_line.................................................66
distance_point_to_line...........................................51
circle_circle_interaction........................................35
rect_component_lines.............................................30
distance_line_to_line............................................20
cross_point_rect_circle..........................................13
distance_circle_to_rect..........................................12
rect_circle_interaction..........................................6
rect_rect_interaction............................................2
distance_rect_to_rect............................................1

date: 2022-11-22 15:51:59.455841

line_coefficients................................................167
ray_to_line......................................................119
cross_point_circle_circle........................................104
distance_circle_to_circle........................................80
ray_cast_to_line.................................................67
distance_point_to_line...........................................52
circle_circle_interaction........................................34
rect_component_lines.............................................30
distance_line_to_line............................................21
cross_point_rect_circle..........................................13
distance_circle_to_rect..........................................12
rect_circle_interaction..........................................6
rect_rect_interaction............................................2
distance_rect_to_rect............................................1
